\o Program:		@(#)$CDS: libManager version 6.1.6 - CAT33 11/05/2015 10:33 (sjfql586) $
\o Sub version:		sub-version  s019 
\o Arguments:		-unmapped -mpssession virtuoso5637 -mpshost itacolomi.lapsi 
\o Working Directory:	itacolomi.lapsi:/home/brunozimmer/Documentos/Celula_Layout
\o 64-bit offsets
\o Qt version: 		4.7.2
\o changeWorkingDir("/home/brunozimmer/Documentos/Celula_Layout") unnecessary.
\o ddSetForcedLib("") unnecessary.
\o Log file is "/home/brunozimmer/Documentos/Celula_Layout/libManager.log".
\o Opening libManager window.
\a nrSetWindowVisibility(cdsLibManager "show")
\o MPS service: map window
\a nrSetCurrentWindow(cdsLibManager)
\o Library Manager customization server connected.
\a nrResizeWindow(cdsLibManager list(6 53 600 448))
\a cdsLibManager->libListBox->value = "rfLib"
\a cdsLibManager->libListBox->value = "cdsDefTechLib"
\a cdsLibManager->libListBox->value = "basic"
\a cdsLibManager->libListBox->value = "analogLib"
\a cdsLibManager->libListBox->value = "US_8ths"
\a cdsLibManager->libListBox->value = "functional"
\a cdsLibManager->libListBox->value = "rfExamples"
\a cdsLibManager->libListBox->value = "rfLib"
\a cdsLibManager->libListBox->value = "analogLib"
\a cdsLibManager->libListBox->value = "basic"
\a _lmgrCloseIconify("cdsLibManager" 1)
\a cdsLibManager->libLineEdit->value = "basic"
\o MPS service: map window
\a nrSetCurrentWindow(cdsLibManager)
\a nrSetCurrentWindow(cdsLibManager)
\a _lmgrCloseIconify("cdsLibManager" 1)
\o MPS service: shutdown
\o libManager is exiting.
\a nrSetWindowVisibility(cdsLibManager "hide")
\a exit(0)
