\o Program:		@(#)$CDS: libManager version 6.1.6 - CAT33 11/05/2015 10:33 (sjfql586) $
\o Sub version:		sub-version  s019 
\o Arguments:		-mpssession virtuoso27602 -mpshost itacolomi.lapsi 
\o Working Directory:	itacolomi.lapsi:/home/brunozimmer/Documentos/FreePDK45
\o 64-bit offsets
\o Qt version: 		4.7.2
\o Log file is "/home/brunozimmer/Documentos/FreePDK45/libManager.log".
\o Opening libManager window.
\a nrSetCurrentWindow(cdsLibManager)
\a nrResizeWindow(cdsLibManager list(6 53 600 448))
\a nrSetCurrentWindow(cdsLibManager)
\o changeWorkingDir("/home/brunozimmer/Documentos/FreePDK45") unnecessary.
\o ddSetForcedLib("") unnecessary.
\o MPS service: map window
\w Warning: The directory: '/home/brunozimmer/Documentos/FreePDK45/$PDK_DIR/osu_soc/lib/freepdk45_cells' does not exist
\w 	but was defined in libFile '/home/brunozimmer/Documentos/FreePDK45/cds.lib' for Lib 'OSU_Library'.
\w Warning: The directory: '/home/brunozimmer/Documentos/FreePDK45/$PDK_DIR/ncsu_basekit/lib/NCSU_Devices_FreePDK45' does not exist
\w 	but was defined in libFile '/home/brunozimmer/Documentos/FreePDK45/cds.lib' for Lib 'NCSU_Devices_FreePDK45'.
\w Warning: The directory: '/home/brunozimmer/Documentos/FreePDK45/$PDK_DIR/ncsu_basekit/lib/NCSU_TechLib_FreePDK45' does not exist
\w 	but was defined in libFile '/home/brunozimmer/Documentos/FreePDK45/cds.lib' for Lib 'NCSU_TechLib_FreePDK45'.
\o Library Manager customization server connected.
\a cdsLibManager->libListBox->value = "Bruno_Library"
\a _lmgrCloseIconify("cdsLibManager" 1)
\a cdsLibManager->libLineEdit->value = "Bruno_Library"
\o MPS service: shutdown
\o libManager is exiting.
\a nrSetWindowVisibility(cdsLibManager "hide")
\a exit(0)
